2025-09-13 17:27:34,192 - INFO - 当前工作目录：/mnt/d/repo/kennems/static/img
2025-09-13 17:27:34,195 - INFO - 目标文件夹中的文件：['0824park.jpg', '241116xiaomi.jpg', '250913cat.jpg', 'cat.jpg', 'cat_q.jpg', 'cat_q20250412.webp', 'compress_errors.log', 'compress_script', 'q.jpg', 'sun.png', '琴女.jpg']
2025-09-13 17:27:34,197 - INFO - 正在处理 0824park.jpg，原始大小：1.74MB
2025-09-13 17:27:34,801 - INFO - ./0824park.jpg 压缩成功，新大小：1.74MB
2025-09-13 17:27:34,806 - INFO - 0824park.jpg 处理完成，压缩后大小：1.74MB

2025-09-13 17:27:34,809 - INFO - 正在处理 241116xiaomi.jpg，原始大小：1.23MB
2025-09-13 17:27:35,164 - INFO - ./241116xiaomi.jpg 压缩成功，新大小：1.23MB
2025-09-13 17:27:35,169 - INFO - 241116xiaomi.jpg 处理完成，压缩后大小：1.23MB

2025-09-13 17:27:35,170 - INFO - 正在处理 250913cat.jpg，原始大小：6.28MB
2025-09-13 17:27:35,425 - INFO - ./250913cat.jpg 压缩成功，新大小：603.71KB
2025-09-13 17:27:35,429 - INFO - 250913cat.jpg 处理完成，压缩后大小：603.71KB

2025-09-13 17:27:35,430 - INFO - 正在处理 cat.jpg，原始大小：227.62KB
2025-09-13 17:27:35,473 - INFO - ./cat.jpg 压缩后反而更大，保留原文件。
2025-09-13 17:27:35,475 - INFO - cat.jpg 处理完成，压缩后大小：227.62KB

2025-09-13 17:27:35,477 - INFO - 正在处理 cat_q.jpg，原始大小：237.48KB
2025-09-13 17:27:35,523 - INFO - ./cat_q.jpg 压缩成功，新大小：237.47KB
2025-09-13 17:27:35,524 - INFO - cat_q.jpg 处理完成，压缩后大小：237.47KB

2025-09-13 17:27:35,525 - INFO - 正在处理 q.jpg，原始大小：122.73KB
2025-09-13 17:27:35,555 - INFO - ./q.jpg 压缩后反而更大，保留原文件。
2025-09-13 17:27:35,557 - INFO - q.jpg 处理完成，压缩后大小：122.73KB

2025-09-13 17:27:35,558 - INFO - 正在处理 sun.png，原始大小：24.57KB
2025-09-13 17:27:35,605 - INFO - ./sun.png 压缩后反而更大，保留原文件。
2025-09-13 17:27:35,606 - INFO - sun.png 处理完成，压缩后大小：24.57KB

2025-09-13 17:27:35,607 - INFO - 正在处理 琴女.jpg，原始大小：786.55KB
2025-09-13 17:27:35,908 - INFO - ./琴女.jpg 压缩成功，新大小：786.52KB
2025-09-13 17:27:35,919 - INFO - 琴女.jpg 处理完成，压缩后大小：786.52KB

